[2020-08-27 20:00:08,980][MainThread:4418954688][task_id:scrapy.utils.log][log.py:146][INFO][Scrapy 1.5.1 started (bot: economic_scrapy)]
[2020-08-27 20:00:08,990][MainThread:4418954688][task_id:scrapy.utils.log][log.py:149][INFO][Versions: lxml 4.2.5.0, libxml2 2.9.8, cssselect 1.0.3, parsel 1.5.1, w3lib 1.19.0, Twisted 18.9.0, Python 3.7.5 (default, Nov  1 2019, 02:16:32) - [Clang 11.0.0 (clang-1100.0.33.8)], pyOpenSSL 18.0.0 (OpenSSL 1.1.0i  14 Aug 2018), cryptography 2.4.1, Platform Darwin-18.7.0-x86_64-i386-64bit]
[2020-08-27 20:00:09,001][MainThread:4418954688][task_id:scrapy.crawler][crawler.py:38][INFO][Overridden settings: {'BOT_NAME': 'economic_scrapy', 'DOWNLOAD_DELAY': 0.25, 'NEWSPIDER_MODULE': 'economic_scrapy.spiders', 'ROBOTSTXT_OBEY': True, 'SPIDER_MODULES': ['economic_scrapy.spiders'], 'USER_AGENT': 'Mozilla/5.0 (Macintosh; Intel Mac OS X 10_8_3) AppleWebKit/536.5 (KHTML, like Gecko) Chrome/19.0.1084.54 Safari/536.5'}]
[2020-08-27 20:00:09,068][MainThread:4418954688][task_id:scrapy.middleware][middleware.py:53][INFO][Enabled extensions:
['scrapy.extensions.corestats.CoreStats',
 'scrapy.extensions.telnet.TelnetConsole',
 'scrapy.extensions.memusage.MemoryUsage',
 'scrapy.extensions.logstats.LogStats']]
[2020-08-27 20:00:09,184][MainThread:4418954688][task_id:scrapy.middleware][middleware.py:53][INFO][Enabled downloader middlewares:
['scrapy.downloadermiddlewares.robotstxt.RobotsTxtMiddleware',
 'scrapy.downloadermiddlewares.httpauth.HttpAuthMiddleware',
 'scrapy.downloadermiddlewares.downloadtimeout.DownloadTimeoutMiddleware',
 'scrapy.downloadermiddlewares.defaultheaders.DefaultHeadersMiddleware',
 'scrapy.downloadermiddlewares.useragent.UserAgentMiddleware',
 'scrapy.downloadermiddlewares.retry.RetryMiddleware',
 'scrapy.downloadermiddlewares.redirect.MetaRefreshMiddleware',
 'scrapy.downloadermiddlewares.httpcompression.HttpCompressionMiddleware',
 'scrapy.downloadermiddlewares.redirect.RedirectMiddleware',
 'scrapy.downloadermiddlewares.cookies.CookiesMiddleware',
 'scrapy.downloadermiddlewares.httpproxy.HttpProxyMiddleware',
 'scrapy.downloadermiddlewares.stats.DownloaderStats']]
[2020-08-27 20:00:09,204][MainThread:4418954688][task_id:scrapy.middleware][middleware.py:53][INFO][Enabled spider middlewares:
['scrapy.spidermiddlewares.httperror.HttpErrorMiddleware',
 'scrapy.spidermiddlewares.offsite.OffsiteMiddleware',
 'scrapy.spidermiddlewares.referer.RefererMiddleware',
 'scrapy.spidermiddlewares.urllength.UrlLengthMiddleware',
 'scrapy.spidermiddlewares.depth.DepthMiddleware']]
[2020-08-27 20:00:09,227][MainThread:4418954688][task_id:scrapy.middleware][middleware.py:53][INFO][Enabled item pipelines:
['economic_scrapy.pipelines.MySQLPipeline']]
[2020-08-27 20:00:09,227][MainThread:4418954688][task_id:scrapy.core.engine][engine.py:256][INFO][Spider opened]
[2020-08-27 20:00:09,259][MainThread:4418954688][task_id:scrapy.extensions.logstats][logstats.py:48][INFO][Crawled 0 pages (at 0 pages/min), scraped 0 items (at 0 items/min)]
[2020-08-27 20:00:20,582][MainThread:4418954688][task_id:scrapy.crawler][crawler.py:258][INFO][Received SIGINT, shutting down gracefully. Send again to force ]
[2020-08-27 20:00:20,583][MainThread:4418954688][task_id:scrapy.core.engine][engine.py:295][INFO][Closing spider (shutdown)]
[2020-08-27 20:00:20,948][MainThread:4418954688][task_id:scrapy.crawler][crawler.py:265][INFO][Received SIGINT twice, forcing unclean shutdown]
[2020-08-27 20:00:40,705][MainThread:4490470848][task_id:scrapy.utils.log][log.py:146][INFO][Scrapy 1.5.1 started (bot: economic_scrapy)]
[2020-08-27 20:00:40,714][MainThread:4490470848][task_id:scrapy.utils.log][log.py:149][INFO][Versions: lxml 4.2.5.0, libxml2 2.9.8, cssselect 1.0.3, parsel 1.5.1, w3lib 1.19.0, Twisted 18.9.0, Python 3.7.5 (default, Nov  1 2019, 02:16:32) - [Clang 11.0.0 (clang-1100.0.33.8)], pyOpenSSL 18.0.0 (OpenSSL 1.1.0i  14 Aug 2018), cryptography 2.4.1, Platform Darwin-18.7.0-x86_64-i386-64bit]
[2020-08-27 20:00:40,719][MainThread:4490470848][task_id:scrapy.crawler][crawler.py:38][INFO][Overridden settings: {'BOT_NAME': 'economic_scrapy', 'DOWNLOAD_DELAY': 0.25, 'NEWSPIDER_MODULE': 'economic_scrapy.spiders', 'ROBOTSTXT_OBEY': True, 'SPIDER_MODULES': ['economic_scrapy.spiders'], 'USER_AGENT': 'Mozilla/5.0 (Macintosh; Intel Mac OS X 10_8_3) AppleWebKit/536.5 (KHTML, like Gecko) Chrome/19.0.1084.54 Safari/536.5'}]
[2020-08-27 20:00:40,784][MainThread:4490470848][task_id:scrapy.middleware][middleware.py:53][INFO][Enabled extensions:
['scrapy.extensions.corestats.CoreStats',
 'scrapy.extensions.telnet.TelnetConsole',
 'scrapy.extensions.memusage.MemoryUsage',
 'scrapy.extensions.logstats.LogStats']]
[2020-08-27 20:00:40,860][MainThread:4490470848][task_id:scrapy.middleware][middleware.py:53][INFO][Enabled downloader middlewares:
['scrapy.downloadermiddlewares.robotstxt.RobotsTxtMiddleware',
 'scrapy.downloadermiddlewares.httpauth.HttpAuthMiddleware',
 'scrapy.downloadermiddlewares.downloadtimeout.DownloadTimeoutMiddleware',
 'scrapy.downloadermiddlewares.defaultheaders.DefaultHeadersMiddleware',
 'scrapy.downloadermiddlewares.useragent.UserAgentMiddleware',
 'scrapy.downloadermiddlewares.retry.RetryMiddleware',
 'scrapy.downloadermiddlewares.redirect.MetaRefreshMiddleware',
 'scrapy.downloadermiddlewares.httpcompression.HttpCompressionMiddleware',
 'scrapy.downloadermiddlewares.redirect.RedirectMiddleware',
 'scrapy.downloadermiddlewares.cookies.CookiesMiddleware',
 'scrapy.downloadermiddlewares.httpproxy.HttpProxyMiddleware',
 'scrapy.downloadermiddlewares.stats.DownloaderStats']]
[2020-08-27 20:00:40,866][MainThread:4490470848][task_id:scrapy.middleware][middleware.py:53][INFO][Enabled spider middlewares:
['scrapy.spidermiddlewares.httperror.HttpErrorMiddleware',
 'scrapy.spidermiddlewares.offsite.OffsiteMiddleware',
 'scrapy.spidermiddlewares.referer.RefererMiddleware',
 'scrapy.spidermiddlewares.urllength.UrlLengthMiddleware',
 'scrapy.spidermiddlewares.depth.DepthMiddleware']]
[2020-08-27 20:00:40,888][MainThread:4490470848][task_id:scrapy.middleware][middleware.py:53][INFO][Enabled item pipelines:
['economic_scrapy.pipelines.MySQLPipeline']]
[2020-08-27 20:00:40,889][MainThread:4490470848][task_id:scrapy.core.engine][engine.py:256][INFO][Spider opened]
[2020-08-27 20:00:40,923][MainThread:4490470848][task_id:scrapy.extensions.logstats][logstats.py:48][INFO][Crawled 0 pages (at 0 pages/min), scraped 0 items (at 0 items/min)]
[2020-08-27 20:00:41,838][MainThread:4490470848][task_id:scrapy.core.scraper][scraper.py:158][ERROR][Spider error processing <GET https://data.stats.gov.cn/easyquery.htm> (referer: None)]
Traceback (most recent call last):
  File "/usr/local/lib/python3.7/site-packages/twisted/internet/defer.py", line 654, in _runCallbacks
    current.result = callback(current.result, *args, **kw)
  File "/Users/zhangshuai/Economic/economic_scrapy/economic_scrapy/base/exception_decor.py", line 29, in wrapper
    logger = create_logger()
  File "/Users/zhangshuai/Economic/economic_scrapy/economic_scrapy/base/exception_decor.py", line 13, in create_logger
    fh = logging.FileHandler("/path/to/test.log")
  File "/usr/local/Cellar/python/3.7.5/Frameworks/Python.framework/Versions/3.7/lib/python3.7/logging/__init__.py", line 1087, in __init__
    StreamHandler.__init__(self, self._open())
  File "/usr/local/Cellar/python/3.7.5/Frameworks/Python.framework/Versions/3.7/lib/python3.7/logging/__init__.py", line 1116, in _open
    return open(self.baseFilename, self.mode, encoding=self.encoding)
FileNotFoundError: [Errno 2] No such file or directory: '/path/to/test.log'
[2020-08-27 20:00:41,959][MainThread:4490470848][task_id:scrapy.core.engine][engine.py:295][INFO][Closing spider (finished)]
[2020-08-27 20:00:41,962][MainThread:4490470848][task_id:scrapy.statscollectors][statscollectors.py:47][INFO][Dumping Scrapy stats:
{'downloader/request_bytes': 621,
 'downloader/request_count': 2,
 'downloader/request_method_count/GET': 2,
 'downloader/response_bytes': 30968,
 'downloader/response_count': 2,
 'downloader/response_status_count/200': 1,
 'downloader/response_status_count/404': 1,
 'finish_reason': 'finished',
 'finish_time': datetime.datetime(2020, 8, 27, 12, 0, 41, 961241),
 'log_count/DEBUG': 3,
 'log_count/ERROR': 1,
 'log_count/INFO': 7,
 'memusage/max': 62033920,
 'memusage/startup': 62033920,
 'response_received_count': 2,
 'scheduler/dequeued': 1,
 'scheduler/dequeued/memory': 1,
 'scheduler/enqueued': 1,
 'scheduler/enqueued/memory': 1,
 'spider_exceptions/FileNotFoundError': 1,
 'start_time': datetime.datetime(2020, 8, 27, 12, 0, 40, 923165)}]
[2020-08-27 20:00:41,962][MainThread:4490470848][task_id:scrapy.core.engine][engine.py:326][INFO][Spider closed (finished)]
[2020-08-27 20:01:01,591][MainThread:4614923712][task_id:scrapy.utils.log][log.py:146][INFO][Scrapy 1.5.1 started (bot: economic_scrapy)]
[2020-08-27 20:01:01,610][MainThread:4614923712][task_id:scrapy.utils.log][log.py:149][INFO][Versions: lxml 4.2.5.0, libxml2 2.9.8, cssselect 1.0.3, parsel 1.5.1, w3lib 1.19.0, Twisted 18.9.0, Python 3.7.5 (default, Nov  1 2019, 02:16:32) - [Clang 11.0.0 (clang-1100.0.33.8)], pyOpenSSL 18.0.0 (OpenSSL 1.1.0i  14 Aug 2018), cryptography 2.4.1, Platform Darwin-18.7.0-x86_64-i386-64bit]
[2020-08-27 20:01:01,617][MainThread:4614923712][task_id:scrapy.crawler][crawler.py:38][INFO][Overridden settings: {'BOT_NAME': 'economic_scrapy', 'DOWNLOAD_DELAY': 0.25, 'NEWSPIDER_MODULE': 'economic_scrapy.spiders', 'ROBOTSTXT_OBEY': True, 'SPIDER_MODULES': ['economic_scrapy.spiders'], 'USER_AGENT': 'Mozilla/5.0 (Macintosh; Intel Mac OS X 10_8_3) AppleWebKit/536.5 (KHTML, like Gecko) Chrome/19.0.1084.54 Safari/536.5'}]
[2020-08-27 20:01:01,694][MainThread:4614923712][task_id:scrapy.middleware][middleware.py:53][INFO][Enabled extensions:
['scrapy.extensions.corestats.CoreStats',
 'scrapy.extensions.telnet.TelnetConsole',
 'scrapy.extensions.memusage.MemoryUsage',
 'scrapy.extensions.logstats.LogStats']]
[2020-08-27 20:01:01,770][MainThread:4614923712][task_id:scrapy.middleware][middleware.py:53][INFO][Enabled downloader middlewares:
['scrapy.downloadermiddlewares.robotstxt.RobotsTxtMiddleware',
 'scrapy.downloadermiddlewares.httpauth.HttpAuthMiddleware',
 'scrapy.downloadermiddlewares.downloadtimeout.DownloadTimeoutMiddleware',
 'scrapy.downloadermiddlewares.defaultheaders.DefaultHeadersMiddleware',
 'scrapy.downloadermiddlewares.useragent.UserAgentMiddleware',
 'scrapy.downloadermiddlewares.retry.RetryMiddleware',
 'scrapy.downloadermiddlewares.redirect.MetaRefreshMiddleware',
 'scrapy.downloadermiddlewares.httpcompression.HttpCompressionMiddleware',
 'scrapy.downloadermiddlewares.redirect.RedirectMiddleware',
 'scrapy.downloadermiddlewares.cookies.CookiesMiddleware',
 'scrapy.downloadermiddlewares.httpproxy.HttpProxyMiddleware',
 'scrapy.downloadermiddlewares.stats.DownloaderStats']]
[2020-08-27 20:01:01,775][MainThread:4614923712][task_id:scrapy.middleware][middleware.py:53][INFO][Enabled spider middlewares:
['scrapy.spidermiddlewares.httperror.HttpErrorMiddleware',
 'scrapy.spidermiddlewares.offsite.OffsiteMiddleware',
 'scrapy.spidermiddlewares.referer.RefererMiddleware',
 'scrapy.spidermiddlewares.urllength.UrlLengthMiddleware',
 'scrapy.spidermiddlewares.depth.DepthMiddleware']]
[2020-08-27 20:01:01,805][MainThread:4614923712][task_id:scrapy.middleware][middleware.py:53][INFO][Enabled item pipelines:
['economic_scrapy.pipelines.MySQLPipeline']]
[2020-08-27 20:01:01,807][MainThread:4614923712][task_id:scrapy.core.engine][engine.py:256][INFO][Spider opened]
[2020-08-27 20:01:01,830][MainThread:4614923712][task_id:scrapy.extensions.logstats][logstats.py:48][INFO][Crawled 0 pages (at 0 pages/min), scraped 0 items (at 0 items/min)]
[2020-08-27 20:02:38,656][MainThread:4614923712][task_id:scrapy.extensions.logstats][logstats.py:48][INFO][Crawled 7 pages (at 7 pages/min), scraped 0 items (at 0 items/min)]
[2020-08-27 20:05:53,448][MainThread:4614923712][task_id:scrapy.extensions.logstats][logstats.py:48][INFO][Crawled 12 pages (at 5 pages/min), scraped 0 items (at 0 items/min)]
[2020-08-27 20:05:53,456][MainThread:4614923712][task_id:scrapy.core.engine][engine.py:295][INFO][Closing spider (finished)]
[2020-08-27 20:05:53,457][MainThread:4614923712][task_id:scrapy.statscollectors][statscollectors.py:47][INFO][Dumping Scrapy stats:
{'downloader/request_bytes': 7014,
 'downloader/request_count': 12,
 'downloader/request_method_count/GET': 12,
 'downloader/response_bytes': 8064261,
 'downloader/response_count': 12,
 'downloader/response_status_count/200': 11,
 'downloader/response_status_count/404': 1,
 'finish_reason': 'finished',
 'finish_time': datetime.datetime(2020, 8, 27, 12, 5, 53, 457243),
 'log_count/DEBUG': 13,
 'log_count/INFO': 9,
 'memusage/max': 92545024,
 'memusage/startup': 62046208,
 'request_depth_max': 1,
 'response_received_count': 12,
 'scheduler/dequeued': 11,
 'scheduler/dequeued/memory': 11,
 'scheduler/enqueued': 11,
 'scheduler/enqueued/memory': 11,
 'start_time': datetime.datetime(2020, 8, 27, 12, 1, 1, 830081)}]
[2020-08-27 20:05:53,458][MainThread:4614923712][task_id:scrapy.core.engine][engine.py:326][INFO][Spider closed (finished)]
[2020-08-27 20:09:23,135][MainThread:4693312960][task_id:scrapy.utils.log][log.py:146][INFO][Scrapy 1.5.1 started (bot: economic_scrapy)]
[2020-08-27 20:09:23,147][MainThread:4693312960][task_id:scrapy.utils.log][log.py:149][INFO][Versions: lxml 4.2.5.0, libxml2 2.9.8, cssselect 1.0.3, parsel 1.5.1, w3lib 1.19.0, Twisted 18.9.0, Python 3.7.5 (default, Nov  1 2019, 02:16:32) - [Clang 11.0.0 (clang-1100.0.33.8)], pyOpenSSL 18.0.0 (OpenSSL 1.1.0i  14 Aug 2018), cryptography 2.4.1, Platform Darwin-18.7.0-x86_64-i386-64bit]
[2020-08-27 20:09:23,153][MainThread:4693312960][task_id:scrapy.crawler][crawler.py:38][INFO][Overridden settings: {'BOT_NAME': 'economic_scrapy', 'DOWNLOAD_DELAY': 0.25, 'NEWSPIDER_MODULE': 'economic_scrapy.spiders', 'ROBOTSTXT_OBEY': True, 'SPIDER_MODULES': ['economic_scrapy.spiders'], 'USER_AGENT': 'Mozilla/5.0 (Macintosh; Intel Mac OS X 10_8_3) AppleWebKit/536.5 (KHTML, like Gecko) Chrome/19.0.1084.54 Safari/536.5'}]
[2020-08-27 20:09:23,206][MainThread:4693312960][task_id:scrapy.middleware][middleware.py:53][INFO][Enabled extensions:
['scrapy.extensions.corestats.CoreStats',
 'scrapy.extensions.telnet.TelnetConsole',
 'scrapy.extensions.memusage.MemoryUsage',
 'scrapy.extensions.logstats.LogStats']]
[2020-08-27 20:09:23,261][MainThread:4693312960][task_id:scrapy.middleware][middleware.py:53][INFO][Enabled downloader middlewares:
['scrapy.downloadermiddlewares.robotstxt.RobotsTxtMiddleware',
 'scrapy.downloadermiddlewares.httpauth.HttpAuthMiddleware',
 'scrapy.downloadermiddlewares.downloadtimeout.DownloadTimeoutMiddleware',
 'scrapy.downloadermiddlewares.defaultheaders.DefaultHeadersMiddleware',
 'scrapy.downloadermiddlewares.useragent.UserAgentMiddleware',
 'scrapy.downloadermiddlewares.retry.RetryMiddleware',
 'scrapy.downloadermiddlewares.redirect.MetaRefreshMiddleware',
 'scrapy.downloadermiddlewares.httpcompression.HttpCompressionMiddleware',
 'scrapy.downloadermiddlewares.redirect.RedirectMiddleware',
 'scrapy.downloadermiddlewares.cookies.CookiesMiddleware',
 'scrapy.downloadermiddlewares.httpproxy.HttpProxyMiddleware',
 'scrapy.downloadermiddlewares.stats.DownloaderStats']]
[2020-08-27 20:09:23,268][MainThread:4693312960][task_id:scrapy.middleware][middleware.py:53][INFO][Enabled spider middlewares:
['scrapy.spidermiddlewares.httperror.HttpErrorMiddleware',
 'scrapy.spidermiddlewares.offsite.OffsiteMiddleware',
 'scrapy.spidermiddlewares.referer.RefererMiddleware',
 'scrapy.spidermiddlewares.urllength.UrlLengthMiddleware',
 'scrapy.spidermiddlewares.depth.DepthMiddleware']]
[2020-08-27 20:09:23,288][MainThread:4693312960][task_id:scrapy.middleware][middleware.py:53][INFO][Enabled item pipelines:
['economic_scrapy.pipelines.MySQLPipeline']]
[2020-08-27 20:09:23,288][MainThread:4693312960][task_id:scrapy.core.engine][engine.py:256][INFO][Spider opened]
[2020-08-27 20:09:23,312][MainThread:4693312960][task_id:scrapy.extensions.logstats][logstats.py:48][INFO][Crawled 0 pages (at 0 pages/min), scraped 0 items (at 0 items/min)]
[2020-08-27 20:09:42,559][MainThread:4693312960][task_id:scrapy.core.scraper][scraper.py:158][ERROR][Spider error processing <GET https://data.stats.gov.cn/easyquery.htm> (referer: None)]
Traceback (most recent call last):
  File "/usr/local/lib/python3.7/site-packages/twisted/internet/defer.py", line 654, in _runCallbacks
    current.result = callback(current.result, *args, **kw)
TypeError: parse() missing 1 required positional argument: 'response'
[2020-08-27 20:09:42,669][MainThread:4693312960][task_id:scrapy.core.engine][engine.py:295][INFO][Closing spider (finished)]
[2020-08-27 20:09:42,672][MainThread:4693312960][task_id:scrapy.statscollectors][statscollectors.py:47][INFO][Dumping Scrapy stats:
{'downloader/request_bytes': 705,
 'downloader/request_count': 2,
 'downloader/request_method_count/GET': 2,
 'downloader/response_bytes': 31254,
 'downloader/response_count': 2,
 'downloader/response_status_count/200': 1,
 'downloader/response_status_count/404': 1,
 'finish_reason': 'finished',
 'finish_time': datetime.datetime(2020, 8, 27, 12, 9, 42, 671424),
 'log_count/DEBUG': 3,
 'log_count/ERROR': 1,
 'log_count/INFO': 7,
 'memusage/max': 62054400,
 'memusage/startup': 62054400,
 'response_received_count': 2,
 'scheduler/dequeued': 1,
 'scheduler/dequeued/memory': 1,
 'scheduler/enqueued': 1,
 'scheduler/enqueued/memory': 1,
 'spider_exceptions/TypeError': 1,
 'start_time': datetime.datetime(2020, 8, 27, 12, 9, 23, 312598)}]
[2020-08-27 20:09:42,673][MainThread:4693312960][task_id:scrapy.core.engine][engine.py:326][INFO][Spider closed (finished)]
